<?xml version="1.0" encoding="UTF-8"?>
<robot generator="Robot 3.1.2 (Python 3.8.0 on win32)" generated="20200117 16:10:02.219" rpa="false">
<suite id="s1" name="Test" source="C:\Users\lmelgarejo\Desktop\Appium_test\test.robot">
<test id="s1-t1" name="test de prueba">
<kw name="setup and open android phone1">
<kw name="Open Application" library="AppiumLibrary">
<doc>Opens a new application to given Appium server.
Capabilities of appium server, Android and iOS,
Please check https://github.com/appium/appium/blob/master/docs/en/writing-running-appium/server-args.md
| *Option*            | *Man.* | *Description*     |
| remote_url          | Yes    | Appium server url |
| alias               | no     | alias             |</doc>
<arguments>
<arg>${REMOTE_URL}</arg>
<arg>platformName=Android</arg>
<arg>deviceName=Android</arg>
<arg>automationName=UIAutomator2</arg>
<arg>appPackage=com.Slack</arg>
<arg>newCommandTimeout=2500</arg>
<arg>appActivity=.ui.HomeActivity</arg>
</arguments>
<assign>
<var>${androiddriver1}</var>
</assign>
<kw name="Capture Page Screenshot" library="AppiumLibrary">
<doc>Takes a screenshot of the current page and embeds it into the log.</doc>
<status status="FAIL" starttime="20200117 16:10:21.904" endtime="20200117 16:10:21.904"></status>
</kw>
<msg timestamp="20200117 16:10:21.906" level="WARN">Keyword 'Capture Page Screenshot' could not be run on failure: Execution terminated by signal</msg>
<status status="FAIL" starttime="20200117 16:10:02.843" endtime="20200117 16:10:21.906"></status>
</kw>
<status status="FAIL" starttime="20200117 16:10:02.843" endtime="20200117 16:10:21.907"></status>
</kw>
<status status="FAIL" starttime="20200117 16:10:02.842" endtime="20200117 16:10:21.907" critical="yes">Execution terminated by signal</status>
</test>
<status status="FAIL" starttime="20200117 16:10:02.240" endtime="20200117 16:10:21.909"></status>
</suite>
<statistics>
<total>
<stat pass="0" fail="1">Critical Tests</stat>
<stat pass="0" fail="1">All Tests</stat>
</total>
<tag>
</tag>
<suite>
<stat pass="0" fail="1" id="s1" name="Test">Test</stat>
</suite>
</statistics>
<errors>
<msg timestamp="20200117 16:10:21.906" level="WARN">Keyword 'Capture Page Screenshot' could not be run on failure: Execution terminated by signal</msg>
</errors>
</robot>
